
Showing logs for build [32mcb-kubecd-environment-pr-240-11-xltpc-1[0m stage [32mfrom-build-pack[0m and container [32mstep-credential-initializer-sq9gj[0m
{"level":"info","ts":1592795285.6023588,"logger":"fallback-logger","caller":"logging/config.go:69","msg":"Fetch GitHub commit ID from kodata failed: open /var/run/ko/refs/heads/0.8.0-ns-support: no such file or directory"}
{"level":"info","ts":1592795285.6026187,"logger":"fallback-logger","caller":"creds-init/main.go:40","msg":"Credentials initialized."}

Showing logs for build [32mcb-kubecd-environment-pr-240-11-xltpc-1[0m stage [32mfrom-build-pack[0m and container [32mstep-working-dir-initializer-5n85c[0m
{"level":"info","ts":1592795286.5641658,"logger":"fallback-logger","caller":"logging/config.go:69","msg":"Fetch GitHub commit ID from kodata failed: open /var/run/ko/HEAD: no such file or directory"}
{"level":"info","ts":1592795286.5650544,"logger":"fallback-logger","caller":"bash/main.go:64","msg":"Successfully executed command \"sh -c mkdir -p /workspace/source\"; output "}

Showing logs for build [32mcb-kubecd-environment-pr-240-11-xltpc-1[0m stage [32mfrom-build-pack[0m and container [32mstep-place-tools[0m

Showing logs for build [32mcb-kubecd-environment-pr-240-11-xltpc-1[0m stage [32mfrom-build-pack[0m and container [32mstep-git-source-cb-kubecd-environment-pr-240-11-xltpc-82lx9[0m
{"level":"info","ts":1592795290.6739323,"logger":"fallback-logger","caller":"logging/config.go:69","msg":"Fetch GitHub commit ID from kodata failed: open /var/run/ko/refs/heads/0.8.0-ns-support: no such file or directory"}
{"level":"info","ts":1592795290.9080977,"logger":"fallback-logger","caller":"git/git.go:103","msg":"Successfully cloned https://github.com/cb-kubecd/environment-pr-240-11-boot-eks-production.git @ master in path /workspace/source"}

Showing logs for build [32mcb-kubecd-environment-pr-240-11-xltpc-1[0m stage [32mfrom-build-pack[0m and container [32mstep-git-merge[0m
Using SHAs from PULL_REFS=master:a46b2490698af49cdd32adc90cbd9869c4664d57,1:3124eaa17689bde704e37870a2b934e7ffc9175e
DEBUG: LC_ALL=C JX_LOG_LEVEL=error git fetch origin --unshallow 3124eaa17689bde704e37870a2b934e7ffc9175e: a46b2490698af49cdd32adc90cbd9869c4664d57:
DEBUG: ran git fetch --unshallow origin 3124eaa17689bde704e37870a2b934e7ffc9175e: a46b2490698af49cdd32adc90cbd9869c4664d57: in 
DEBUG: LC_ALL=C JX_LOG_LEVEL=error git branch
DEBUG: JX_LOG_LEVEL=error LC_ALL=C git checkout master
DEBUG: ran git checkout master in 
DEBUG: LC_ALL=C JX_LOG_LEVEL=error git reset --hard a46b2490698af49cdd32adc90cbd9869c4664d57
DEBUG: ran git reset --hard a46b2490698af49cdd32adc90cbd9869c4664d57 in 
DEBUG: LC_ALL=C JX_LOG_LEVEL=error git clean -fd .
DEBUG: ran clean --force -d . in 
DEBUG: LC_ALL=C JX_LOG_LEVEL=error git merge 3124eaa17689bde704e37870a2b934e7ffc9175e
DEBUG: ran git merge 3124eaa17689bde704e37870a2b934e7ffc9175e in 
DEBUG: LC_ALL=C JX_LOG_LEVEL=error git log --format=%H%x1f%an%x1f%ae%x1f%cn%x1f%ce%x1f%s%n%b%x1e a46b2490698af49cdd32adc90cbd9869c4664d57..HEAD
Merged SHA 3124eaa17689bde704e37870a2b934e7ffc9175e with commit message 'chore: Promote bdd-spring-1592793679 to version 0.0.1' into base branch master

Showing logs for build [32mcb-kubecd-environment-pr-240-11-xltpc-1[0m stage [32mfrom-build-pack[0m and container [32mstep-build-helm-build[0m
WARNING: No $CHART_REPOSITORY defined so using the default value of: http://jenkins-x-chartmuseum:8080
Adding missing Helm repo: storage.googleapis.com https://storage.googleapis.com/chartmuseum.jenkins-x.io
WARNING: No secrets found on "helm/repos" due: reading the secret "helm/repos" from vault: no secret "helm/repos" not found in vault
Read credentials for https://storage.googleapis.com/chartmuseum.jenkins-x.io from vault helm/repos
Successfully added Helm repository storage.googleapis.com.
Adding missing Helm repo: jenkins-x-chartmuseum http://jenkins-x-chartmuseum:8080
WARNING: No secrets found on "helm/repos" due: reading the secret "helm/repos" from vault: no secret "helm/repos" not found in vault
Read credentials for http://jenkins-x-chartmuseum:8080 from vault helm/repos
Successfully added Helm repository jenkins-x-chartmuseum.
WARNING: No $CHART_REPOSITORY defined so using the default value of: http://jenkins-x-chartmuseum:8080
Adding missing Helm repo: chartmuseum.jenkins-x.io http://chartmuseum.jenkins-x.io
WARNING: No secrets found on "helm/repos" due: reading the secret "helm/repos" from vault: no secret "helm/repos" not found in vault
Read credentials for http://chartmuseum.jenkins-x.io from vault helm/repos
Successfully added Helm repository chartmuseum.jenkins-x.io.
